{"level":"info","message":"Deleted Item with id [eXOemWzX2vT3Rlwc] in parent Actor [Y7aAZR7pypm3jFBJ]","timestamp":"2025-06-26 00:27:52"}
{"level":"info","message":"Deleted Item with id [GqfU7elrswOCALJD] in parent Actor [Y7aAZR7pypm3jFBJ]","timestamp":"2025-06-26 00:27:59"}
{"level":"info","message":"Created Item with id [OLjipUL9beYPc9Vl] in parent Actor [Y7aAZR7pypm3jFBJ]","timestamp":"2025-06-26 00:29:07"}
{"level":"info","message":"Created Item with id [1HPLogVre41rgt4y] in parent Actor [Y7aAZR7pypm3jFBJ]","timestamp":"2025-06-26 00:29:09"}
{"level":"info","message":"Deleted Item with id [1HPLogVre41rgt4y] in parent Actor [Y7aAZR7pypm3jFBJ]","timestamp":"2025-06-26 00:30:59"}
{"level":"info","message":"Deleted Item with id [OLjipUL9beYPc9Vl] in parent Actor [Y7aAZR7pypm3jFBJ]","timestamp":"2025-06-26 00:31:00"}
{"level":"info","message":"Created Item with id [d8bTnGFtB7FII2WD] in parent Actor [Y7aAZR7pypm3jFBJ]","timestamp":"2025-06-26 00:31:02"}
{"level":"info","message":"Created Item with id [rqeOfLIz6JX8nBgw] in parent Actor [Y7aAZR7pypm3jFBJ]","timestamp":"2025-06-26 00:31:04"}
{"level":"info","message":"Deleted Item with id [rqeOfLIz6JX8nBgw] in parent Actor [Y7aAZR7pypm3jFBJ]","timestamp":"2025-06-26 00:31:30"}
{"level":"info","message":"Created Item with id [1mInRLw30Kb3F2Rh] in parent Actor [Y7aAZR7pypm3jFBJ]","timestamp":"2025-06-26 00:31:33"}
{"level":"info","message":"Deleted Item with id [1mInRLw30Kb3F2Rh] in parent Actor [Y7aAZR7pypm3jFBJ]","timestamp":"2025-06-26 00:35:45"}
{"level":"info","message":"Deleted Item with id [d8bTnGFtB7FII2WD] in parent Actor [Y7aAZR7pypm3jFBJ]","timestamp":"2025-06-26 00:35:46"}
{"level":"info","message":"Created Item with id [cTczlnzUOKtWdYlg] in parent Actor [Y7aAZR7pypm3jFBJ]","timestamp":"2025-06-26 00:35:50"}
{"level":"info","message":"Created Item with id [sjNjcRbSvkFUODai] in parent Actor [Y7aAZR7pypm3jFBJ]","timestamp":"2025-06-26 00:35:52"}
{"level":"info","message":"Deleted Item with id [sjNjcRbSvkFUODai] in parent Actor [Y7aAZR7pypm3jFBJ]","timestamp":"2025-06-26 01:10:32"}
{"level":"info","message":"Deleted Item with id [cTczlnzUOKtWdYlg] in parent Actor [Y7aAZR7pypm3jFBJ]","timestamp":"2025-06-26 01:10:32"}
{"level":"info","message":"Created Item with id [gh0hPGqpRIEQ5kuv] in parent Actor [Y7aAZR7pypm3jFBJ]","timestamp":"2025-06-26 01:10:35"}
{"level":"info","message":"Created Item with id [FpveDeGFP9pTjSfo] in parent Actor [Y7aAZR7pypm3jFBJ]","timestamp":"2025-06-26 01:10:37"}
{"level":"info","message":"Deleted Item with id [gh0hPGqpRIEQ5kuv] in parent Actor [Y7aAZR7pypm3jFBJ]","timestamp":"2025-06-26 01:56:37"}
{"level":"info","message":"Deleted Item with id [FpveDeGFP9pTjSfo] in parent Actor [Y7aAZR7pypm3jFBJ]","timestamp":"2025-06-26 01:56:38"}
{"level":"info","message":"Created Item with id [AWmmxKNBm9dcChK8] in parent Actor [Y7aAZR7pypm3jFBJ]","timestamp":"2025-06-26 01:56:43"}
{"level":"info","message":"Created Item with id [MlK9qI38Gz7Lwo5p] in parent Actor [Y7aAZR7pypm3jFBJ]","timestamp":"2025-06-26 01:56:45"}
{"level":"info","message":"Toggling game pause status to false","timestamp":"2025-06-26 01:57:19"}
{"level":"info","message":"Deleted Item with id [AWmmxKNBm9dcChK8] in parent Actor [Y7aAZR7pypm3jFBJ]","timestamp":"2025-06-26 02:08:46"}
{"level":"info","message":"Deleted Item with id [MlK9qI38Gz7Lwo5p] in parent Actor [Y7aAZR7pypm3jFBJ]","timestamp":"2025-06-26 02:08:47"}
{"level":"info","message":"Created Item with id [dAehr5Xkf430ZQVe] in parent Actor [Y7aAZR7pypm3jFBJ]","timestamp":"2025-06-26 02:11:14"}
{"level":"info","message":"Created Item with id [lUoiGKmEtEpZBoPU] in parent Actor [Y7aAZR7pypm3jFBJ]","timestamp":"2025-06-26 02:11:17"}
{"level":"info","message":"Deleted Item with id [lUoiGKmEtEpZBoPU] in parent Actor [Y7aAZR7pypm3jFBJ]","timestamp":"2025-06-26 02:24:31"}
{"level":"info","message":"Deleted Item with id [dAehr5Xkf430ZQVe] in parent Actor [Y7aAZR7pypm3jFBJ]","timestamp":"2025-06-26 02:24:31"}
{"level":"info","message":"Created Item with id [FIFZENbCaoo8pIWE] in parent Actor [Y7aAZR7pypm3jFBJ]","timestamp":"2025-06-26 02:24:41"}
{"level":"info","message":"Created Item with id [0s8PBe2nmO9MRP7h] in parent Actor [Y7aAZR7pypm3jFBJ]","timestamp":"2025-06-26 02:24:44"}
{"level":"info","message":"Created ChatMessage with id [Dhi42ICQQm0JhzLT]","timestamp":"2025-06-26 02:31:07"}
{"level":"info","message":"Created ChatMessage with id [3ONvn5DvgVR490Bw]","timestamp":"2025-06-26 02:31:24"}
{"level":"info","message":"Created ChatMessage with id [zefEa1tnj1S1fRdE]","timestamp":"2025-06-26 02:34:32"}
{"level":"info","message":"Created ChatMessage with id [Oo5Rli0ThDX5MUtD]","timestamp":"2025-06-26 02:37:49"}
{"level":"info","message":"Created ChatMessage with id [nMtvYfrb6M0KlgRW]","timestamp":"2025-06-26 02:37:51"}
{"level":"info","message":"Created ChatMessage with id [IxOxty9YMhXz6TWa]","timestamp":"2025-06-26 02:38:03"}
{"level":"info","message":"Created ChatMessage with id [kRxxWh0FBxjFGQLj]","timestamp":"2025-06-26 02:38:04"}
{"level":"info","message":"Created ChatMessage with id [P6oaXnrj8jpKFlYr]","timestamp":"2025-06-26 02:38:05"}
{"level":"info","message":"Created ChatMessage with id [BJU6Ptpz4HOgbca6]","timestamp":"2025-06-26 02:38:05"}
{"level":"info","message":"Created ChatMessage with id [SOgy4tOocay9edE9]","timestamp":"2025-06-26 02:38:06"}
{"level":"info","message":"Created ChatMessage with id [jvd0b8lk1t9eNwYj]","timestamp":"2025-06-26 02:38:06"}
{"level":"info","message":"Created ChatMessage with id [4Q2lXyKyQXz2cxGm]","timestamp":"2025-06-26 02:38:07"}
{"level":"info","message":"Created ChatMessage with id [gPssXfdFmbzwwKxY]","timestamp":"2025-06-26 02:38:07"}
{"level":"info","message":"Created ChatMessage with id [bei8f0bF7TPj7Soc]","timestamp":"2025-06-26 02:38:07"}
{"level":"info","message":"Created ChatMessage with id [eH1PBPJIMjptpWgr]","timestamp":"2025-06-26 02:38:08"}
{"level":"info","message":"Created ChatMessage with id [rTkheL9Txcr8n5wH]","timestamp":"2025-06-26 02:38:09"}
{"level":"info","message":"Created ChatMessage with id [h6mNPrs4d137LShT]","timestamp":"2025-06-26 02:38:09"}
{"level":"info","message":"Created ChatMessage with id [0xj2DKnhQHsWXVy2]","timestamp":"2025-06-26 02:38:10"}
{"level":"info","message":"Created ChatMessage with id [SFFzuzk5CGi8zKpZ]","timestamp":"2025-06-26 02:38:10"}
{"level":"info","message":"Created ChatMessage with id [xikRsb201mDeyUfj]","timestamp":"2025-06-26 02:38:11"}
{"level":"info","message":"Deleted 20 ChatMessage documents","timestamp":"2025-06-26 02:54:01"}
{"level":"info","message":"Created ChatMessage with id [ewJqa8prpo7FU63j]","timestamp":"2025-06-26 02:54:04"}
{"level":"info","message":"Created ChatMessage with id [54ujdsNuTAXbIuYB]","timestamp":"2025-06-26 02:55:14"}
{"level":"info","message":"Created ChatMessage with id [4qaaGYAmCv91FLt6]","timestamp":"2025-06-26 03:01:09"}
{"level":"info","message":"Created ChatMessage with id [J16FzInzkRA4iNHf]","timestamp":"2025-06-26 03:08:06"}
{"level":"info","message":"Created ChatMessage with id [GBiofLVDlZSNZ0HL]","timestamp":"2025-06-26 03:08:11"}
{"level":"info","message":"Created ChatMessage with id [6mvkv8O2WMD6AllB]","timestamp":"2025-06-26 03:08:12"}
{"level":"info","message":"Created ChatMessage with id [eKKibKMwNz7CysEv]","timestamp":"2025-06-26 03:08:13"}
{"level":"info","message":"Created ChatMessage with id [wUkgDqhGPb40DYEc]","timestamp":"2025-06-26 03:08:13"}
{"level":"info","message":"Created ChatMessage with id [VrQutnHQUImPbpy9]","timestamp":"2025-06-26 03:08:14"}
{"level":"info","message":"Created ChatMessage with id [3anVPBOpwZLSNJ2n]","timestamp":"2025-06-26 03:08:14"}
{"level":"info","message":"Created ChatMessage with id [xPRCSbhiRHxAhFGj]","timestamp":"2025-06-26 03:08:15"}
{"level":"info","message":"Created ChatMessage with id [G7kUuTljuPhfhiWZ]","timestamp":"2025-06-26 03:08:16"}
{"level":"info","message":"Created ChatMessage with id [5GXC4E1lCdBxiLki]","timestamp":"2025-06-26 03:08:16"}
{"level":"info","message":"Created ChatMessage with id [YlRPT8YYCYzBYiAl]","timestamp":"2025-06-26 03:08:17"}
{"level":"info","message":"Created ChatMessage with id [1AldaHz2MfCbuFjz]","timestamp":"2025-06-26 03:08:17"}
{"level":"info","message":"Deleted 15 ChatMessage documents","timestamp":"2025-06-26 03:08:35"}
{"level":"info","message":"Created ChatMessage with id [L1GHzmbiQHJmxP5d]","timestamp":"2025-06-26 03:08:36"}
{"level":"info","message":"Created ChatMessage with id [iz71heCvEZcS9IEv]","timestamp":"2025-06-26 03:10:56"}
{"level":"info","message":"Deleted 2 ChatMessage documents with ids: [L1GHzmbiQHJmxP5d,iz71heCvEZcS9IEv]","timestamp":"2025-06-26 03:11:25"}
{"level":"info","message":"Created ChatMessage with id [gA5O0e7KSvoBFT0K]","timestamp":"2025-06-26 03:17:04"}
{"level":"info","message":"Created ChatMessage with id [Yetgezc1fmZiInqH]","timestamp":"2025-06-26 03:17:06"}
{"level":"info","message":"Created ChatMessage with id [wHPlvnrvBD05D5Ef]","timestamp":"2025-06-26 03:43:18"}
{"level":"info","message":"Shutting down Foundry Virtual Tabletop server","timestamp":"2025-06-26 03:45:32"}
{"level":"info","message":"Shut-down success. Goodbye!","timestamp":"2025-06-26 03:45:32"}
