{"level":"info","message":"Running on Node.js - Version 20.9.0","timestamp":"2025-06-24 15:08:57"}
{"level":"info","message":"Foundry Virtual Tabletop - Version 12 Build 331","timestamp":"2025-06-24 15:08:57"}
{"level":"info","message":"User Data Directory - \"D:/Games/Foundry_12_331/Source\"","timestamp":"2025-06-24 15:08:57"}
{"level":"info","message":"Application Options:\n{\n  \"compressStatic\": true,\n  \"fullscreen\": true,\n  \"hostname\": null,\n  \"language\": \"en.core\",\n  \"localHostname\": null,\n  \"port\": 30000,\n  \"proxyPort\": null,\n  \"proxySSL\": false,\n  \"routePrefix\": null,\n  \"updateChannel\": \"stable\",\n  \"upnp\": true,\n  \"awsConfig\": null,\n  \"compressSocket\": true,\n  \"cssTheme\": \"foundry\",\n  \"deleteNEDB\": false,\n  \"hotReload\": false,\n  \"passwordSalt\": null,\n  \"sslCert\": null,\n  \"sslKey\": null,\n  \"world\": null,\n  \"serviceConfig\": null,\n  \"telemetry\": true,\n  \"protocol\": null,\n  \"upnpLeaseDuration\": null,\n  \"adminPassword\": null,\n  \"noBackups\": false\n}","timestamp":"2025-06-24 15:08:57"}
{"level":"info","message":"Software license verification succeeded","timestamp":"2025-06-24 15:08:57"}
{"level":"info","message":"Requesting UPnP port forwarding to destination port 30000","timestamp":"2025-06-24 15:08:57"}
{"level":"info","message":"Running Electron application with version 29.4.0 using Chromium 122.0.6261.156","timestamp":"2025-06-24 15:08:57"}
{"level":"info","message":"Server started and listening on port 30000","timestamp":"2025-06-24 15:08:57"}
{"level":"info","message":"Created client session 244ddc4eeb5f84b476e31f4e","timestamp":"2025-06-24 15:08:59"}
{"level":"info","message":"Core software stable update 12.343 is available!","timestamp":"2025-06-24 15:09:00"}
{"level":"info","message":"Connected to database \"actors\"","timestamp":"2025-06-24 15:09:02"}
{"level":"info","message":"Launching World | Loading World Data - 7%","timestamp":"2025-06-24 15:09:02"}
{"level":"info","message":"Connected to database \"cards\"","timestamp":"2025-06-24 15:09:02"}
{"level":"info","message":"Launching World | Loading World Data - 14%","timestamp":"2025-06-24 15:09:02"}
{"level":"info","message":"Connected to database \"messages\"","timestamp":"2025-06-24 15:09:02"}
{"level":"info","message":"Launching World | Loading World Data - 21%","timestamp":"2025-06-24 15:09:02"}
{"level":"info","message":"Connected to database \"combats\"","timestamp":"2025-06-24 15:09:02"}
{"level":"info","message":"Launching World | Loading World Data - 29%","timestamp":"2025-06-24 15:09:02"}
{"level":"info","message":"Connected to database \"fog\"","timestamp":"2025-06-24 15:09:02"}
{"level":"info","message":"Launching World | Loading World Data - 36%","timestamp":"2025-06-24 15:09:02"}
{"level":"info","message":"Connected to database \"folders\"","timestamp":"2025-06-24 15:09:02"}
{"level":"info","message":"Launching World | Loading World Data - 43%","timestamp":"2025-06-24 15:09:02"}
{"level":"info","message":"Connected to database \"items\"","timestamp":"2025-06-24 15:09:02"}
{"level":"info","message":"Launching World | Loading World Data - 50%","timestamp":"2025-06-24 15:09:02"}
{"level":"info","message":"Connected to database \"journal\"","timestamp":"2025-06-24 15:09:02"}
{"level":"info","message":"Launching World | Loading World Data - 57%","timestamp":"2025-06-24 15:09:02"}
{"level":"info","message":"Connected to database \"macros\"","timestamp":"2025-06-24 15:09:02"}
{"level":"info","message":"Launching World | Loading World Data - 64%","timestamp":"2025-06-24 15:09:02"}
{"level":"info","message":"Connected to database \"playlists\"","timestamp":"2025-06-24 15:09:02"}
{"level":"info","message":"Launching World | Loading World Data - 71%","timestamp":"2025-06-24 15:09:02"}
{"level":"info","message":"Connected to database \"tables\"","timestamp":"2025-06-24 15:09:02"}
{"level":"info","message":"Launching World | Loading World Data - 79%","timestamp":"2025-06-24 15:09:02"}
{"level":"info","message":"Connected to database \"scenes\"","timestamp":"2025-06-24 15:09:02"}
{"level":"info","message":"Launching World | Loading World Data - 86%","timestamp":"2025-06-24 15:09:02"}
{"level":"info","message":"Connected to database \"settings\"","timestamp":"2025-06-24 15:09:02"}
{"level":"info","message":"Launching World | Loading World Data - 93%","timestamp":"2025-06-24 15:09:02"}
{"level":"info","message":"Connected to database \"users\"","timestamp":"2025-06-24 15:09:02"}
{"level":"info","message":"Launching World | Loading World Data - 100%","timestamp":"2025-06-24 15:09:02"}
{"level":"info","message":"Launching World | Migrating World Data - 7%","timestamp":"2025-06-24 15:09:02"}
{"level":"info","message":"Launching World | Migrating World Data - 14%","timestamp":"2025-06-24 15:09:02"}
{"level":"info","message":"Launching World | Migrating World Data - 21%","timestamp":"2025-06-24 15:09:02"}
{"level":"info","message":"Launching World | Migrating World Data - 29%","timestamp":"2025-06-24 15:09:02"}
{"level":"info","message":"Launching World | Migrating World Data - 36%","timestamp":"2025-06-24 15:09:02"}
{"level":"info","message":"Launching World | Migrating World Data - 43%","timestamp":"2025-06-24 15:09:02"}
{"level":"info","message":"Launching World | Migrating World Data - 50%","timestamp":"2025-06-24 15:09:02"}
{"level":"info","message":"Launching World | Migrating World Data - 57%","timestamp":"2025-06-24 15:09:02"}
{"level":"info","message":"Launching World | Migrating World Data - 64%","timestamp":"2025-06-24 15:09:02"}
{"level":"info","message":"Launching World | Migrating World Data - 71%","timestamp":"2025-06-24 15:09:02"}
{"level":"info","message":"Launching World | Migrating World Data - 79%","timestamp":"2025-06-24 15:09:02"}
{"level":"info","message":"Launching World | Migrating World Data - 86%","timestamp":"2025-06-24 15:09:02"}
{"level":"info","message":"Launching World | Migrating World Data - 93%","timestamp":"2025-06-24 15:09:02"}
{"level":"info","message":"Launching World | Migrating World Data - 100%","timestamp":"2025-06-24 15:09:02"}
{"level":"info","message":"Launching World | Complete","timestamp":"2025-06-24 15:09:02"}
{"ip":"::1","level":"info","message":"User authentication successful for user Gamemaster","session":"244ddc4eeb5f84b476e31f4e","timestamp":"2025-06-24 15:09:04"}
{"level":"info","message":"Custom System Builder update 4.6.4 is now available!","timestamp":"2025-06-24 15:09:06"}
{"level":"info","message":"Vended World data to User [s4a1LqWdL4mt3rP7] in 819ms","timestamp":"2025-06-24 15:09:06"}
{"code":"ECOMPROMISED","level":"error","message":"Unable to update lock within the stale threshold","stack":"Error: Unable to update lock within the stale threshold\n    at D:\\Games\\Foundry_12_331\\Foundry Virtual Tabletop\\resources\\app\\node_modules\\proper-lockfile\\lib\\lockfile.js:136:25\n    at callback (D:\\Games\\Foundry_12_331\\Foundry Virtual Tabletop\\resources\\app\\node_modules\\graceful-fs\\polyfills.js:306:20)\n    at FSReqCallback.oncomplete (node:fs:200:5)","timestamp":"2025-06-24 15:09:07"}
{"level":"info","message":"Deleted Item with id [GCzt7TVrLwinUtBV] in parent Actor [Y7aAZR7pypm3jFBJ]","timestamp":"2025-06-24 16:54:31"}
{"level":"info","message":"Created Item with id [qkdq6D6xvfrAdA7s] in parent Actor [Y7aAZR7pypm3jFBJ]","timestamp":"2025-06-24 16:54:34"}
{"level":"info","message":"Created Item with id [riWwtQnu5RZMtc73] in parent Actor [Y7aAZR7pypm3jFBJ]","timestamp":"2025-06-24 18:22:26"}
{"level":"info","message":"Deleted Item with id [riWwtQnu5RZMtc73] in parent Actor [Y7aAZR7pypm3jFBJ]","timestamp":"2025-06-24 18:22:28"}
{"level":"info","message":"Created ChatMessage with id [WTUZnpyyjhYnTC3H]","timestamp":"2025-06-24 18:37:20"}
{"level":"info","message":"Created ChatMessage with id [KtxqRwE4SRqaRQx1]","timestamp":"2025-06-24 19:02:38"}
{"level":"info","message":"Deleted Item with id [qkdq6D6xvfrAdA7s] in parent Actor [Y7aAZR7pypm3jFBJ]","timestamp":"2025-06-24 20:10:52"}
{"level":"info","message":"Created Item with id [dIlLPoAXcZIEqX3Q] in parent Actor [Y7aAZR7pypm3jFBJ]","timestamp":"2025-06-24 20:10:55"}
{"level":"info","message":"Deleted Item with id [dIlLPoAXcZIEqX3Q] in parent Actor [Y7aAZR7pypm3jFBJ]","timestamp":"2025-06-24 20:11:31"}
{"level":"info","message":"Created Item with id [h8uvE6OzpC5jZKST] in parent Actor [Y7aAZR7pypm3jFBJ]","timestamp":"2025-06-24 20:11:33"}
{"level":"info","message":"Deleted Item with id [h8uvE6OzpC5jZKST] in parent Actor [Y7aAZR7pypm3jFBJ]","timestamp":"2025-06-24 20:11:42"}
{"level":"info","message":"Created Item with id [w2kjaoLE2jiRe0lu] in parent Actor [Y7aAZR7pypm3jFBJ]","timestamp":"2025-06-24 20:11:44"}
{"level":"info","message":"Deleted Item with id [w2kjaoLE2jiRe0lu] in parent Actor [Y7aAZR7pypm3jFBJ]","timestamp":"2025-06-24 20:11:47"}
{"level":"info","message":"Created Item with id [bug8F4MTW3xSEP1P] in parent Actor [Y7aAZR7pypm3jFBJ]","timestamp":"2025-06-24 20:12:09"}
{"level":"info","message":"Deleted Item with id [bug8F4MTW3xSEP1P] in parent Actor [Y7aAZR7pypm3jFBJ]","timestamp":"2025-06-24 20:13:55"}
{"level":"info","message":"Created Item with id [SzyWb6S8AZRsBAcI] in parent Actor [Y7aAZR7pypm3jFBJ]","timestamp":"2025-06-24 20:13:56"}
{"level":"info","message":"Deleted Item with id [SzyWb6S8AZRsBAcI] in parent Actor [Y7aAZR7pypm3jFBJ]","timestamp":"2025-06-24 20:23:56"}
{"level":"info","message":"Created Item with id [S3qYne6jsmVvHAj0] in parent Actor [Y7aAZR7pypm3jFBJ]","timestamp":"2025-06-24 20:23:57"}
{"level":"info","message":"Deleted Item with id [S3qYne6jsmVvHAj0] in parent Actor [Y7aAZR7pypm3jFBJ]","timestamp":"2025-06-24 20:25:13"}
{"level":"info","message":"Created Item with id [qxDX3kOV9I3BYANN] in parent Actor [Y7aAZR7pypm3jFBJ]","timestamp":"2025-06-24 20:25:15"}
{"level":"info","message":"Deleted Item with id [qxDX3kOV9I3BYANN] in parent Actor [Y7aAZR7pypm3jFBJ]","timestamp":"2025-06-24 20:29:06"}
{"level":"info","message":"Created Item with id [oI2uqNxwKMDSJPb3] in parent Actor [Y7aAZR7pypm3jFBJ]","timestamp":"2025-06-24 20:29:08"}
{"level":"info","message":"Deleted Item with id [oI2uqNxwKMDSJPb3] in parent Actor [Y7aAZR7pypm3jFBJ]","timestamp":"2025-06-24 20:29:19"}
{"level":"info","message":"Created Item with id [fPvzWqNZG76qhS7u] in parent Actor [Y7aAZR7pypm3jFBJ]","timestamp":"2025-06-24 20:29:21"}
{"level":"info","message":"Created ChatMessage with id [FYro9PhRAWOpSfsR]","timestamp":"2025-06-24 20:32:37"}
{"level":"info","message":"Created ChatMessage with id [K7xsq9dBGJRwREyk]","timestamp":"2025-06-24 20:33:04"}
{"level":"info","message":"Deleted Item with id [fPvzWqNZG76qhS7u] in parent Actor [Y7aAZR7pypm3jFBJ]","timestamp":"2025-06-24 20:43:24"}
{"level":"info","message":"Created Item with id [4vc03MfSGEHvRmLb] in parent Actor [Y7aAZR7pypm3jFBJ]","timestamp":"2025-06-24 20:43:27"}
{"level":"info","message":"Deleted Item with id [4vc03MfSGEHvRmLb] in parent Actor [Y7aAZR7pypm3jFBJ]","timestamp":"2025-06-24 21:10:07"}
{"level":"info","message":"Created Item with id [s1GpYmFcuGG6T12k] in parent Actor [Y7aAZR7pypm3jFBJ]","timestamp":"2025-06-24 21:10:10"}
{"level":"info","message":"Deleted Item with id [s1GpYmFcuGG6T12k] in parent Actor [Y7aAZR7pypm3jFBJ]","timestamp":"2025-06-24 21:10:18"}
{"level":"info","message":"Created Item with id [1gtiy8pqM2b3Aavf] in parent Actor [Y7aAZR7pypm3jFBJ]","timestamp":"2025-06-24 21:10:20"}
{"level":"info","message":"Deleted Item with id [1gtiy8pqM2b3Aavf] in parent Actor [Y7aAZR7pypm3jFBJ]","timestamp":"2025-06-24 21:15:31"}
{"level":"info","message":"Created Item with id [eXOemWzX2vT3Rlwc] in parent Actor [Y7aAZR7pypm3jFBJ]","timestamp":"2025-06-24 21:15:33"}
