{"level":"info","message":"Created Item with id [10QIpQX6IUhWzJHf] in parent Actor [Y7aAZR7pypm3jFBJ]","timestamp":"2025-06-22 01:43:02"}
{"level":"info","message":"Created Item with id [9f35xpc3FqeWqeGZ] in parent Actor [Y7aAZR7pypm3jFBJ]","timestamp":"2025-06-22 01:43:13"}
{"level":"info","message":"Created Item with id [pwV4LzeMOS23whND] in parent Actor [Y7aAZR7pypm3jFBJ]","timestamp":"2025-06-22 01:43:20"}
{"level":"info","message":"Deleted Item with id [9f35xpc3FqeWqeGZ] in parent Actor [Y7aAZR7pypm3jFBJ]","timestamp":"2025-06-22 01:43:28"}
{"level":"info","message":"Deleted Item with id [pwV4LzeMOS23whND] in parent Actor [Y7aAZR7pypm3jFBJ]","timestamp":"2025-06-22 01:43:31"}
{"level":"info","message":"Toggling game pause status to false","timestamp":"2025-06-22 03:10:52"}
{"level":"info","message":"Shutting down Foundry Virtual Tabletop server","timestamp":"2025-06-22 03:11:54"}
{"level":"info","message":"Shut-down success. Goodbye!","timestamp":"2025-06-22 03:11:54"}
{"level":"info","message":"Running on Node.js - Version 20.9.0","timestamp":"2025-06-22 11:54:09"}
{"level":"info","message":"Foundry Virtual Tabletop - Version 12 Build 331","timestamp":"2025-06-22 11:54:09"}
{"level":"info","message":"User Data Directory - \"D:/Games/Foundry_12_331/Source\"","timestamp":"2025-06-22 11:54:09"}
{"level":"info","message":"Application Options:\n{\n  \"compressStatic\": true,\n  \"fullscreen\": true,\n  \"hostname\": null,\n  \"language\": \"en.core\",\n  \"localHostname\": null,\n  \"port\": 30000,\n  \"proxyPort\": null,\n  \"proxySSL\": false,\n  \"routePrefix\": null,\n  \"updateChannel\": \"stable\",\n  \"upnp\": true,\n  \"awsConfig\": null,\n  \"compressSocket\": true,\n  \"cssTheme\": \"foundry\",\n  \"deleteNEDB\": false,\n  \"hotReload\": false,\n  \"passwordSalt\": null,\n  \"sslCert\": null,\n  \"sslKey\": null,\n  \"world\": null,\n  \"serviceConfig\": null,\n  \"telemetry\": true,\n  \"protocol\": null,\n  \"upnpLeaseDuration\": null,\n  \"adminPassword\": null,\n  \"noBackups\": false\n}","timestamp":"2025-06-22 11:54:09"}
{"level":"info","message":"Software license verification succeeded","timestamp":"2025-06-22 11:54:09"}
{"level":"info","message":"Requesting UPnP port forwarding to destination port 30000","timestamp":"2025-06-22 11:54:09"}
{"level":"info","message":"Running Electron application with version 29.4.0 using Chromium 122.0.6261.156","timestamp":"2025-06-22 11:54:09"}
{"level":"info","message":"Server started and listening on port 30000","timestamp":"2025-06-22 11:54:10"}
{"level":"info","message":"Created client session 23a75acdef40206c08fa8892","timestamp":"2025-06-22 11:54:11"}
{"level":"info","message":"Core software stable update 12.343 is available!","timestamp":"2025-06-22 11:54:12"}
{"level":"info","message":"Connected to database \"actors\"","timestamp":"2025-06-22 11:54:14"}
{"level":"info","message":"Launching World | Loading World Data - 7%","timestamp":"2025-06-22 11:54:14"}
{"level":"info","message":"Connected to database \"cards\"","timestamp":"2025-06-22 11:54:14"}
{"level":"info","message":"Launching World | Loading World Data - 14%","timestamp":"2025-06-22 11:54:14"}
{"level":"info","message":"Connected to database \"messages\"","timestamp":"2025-06-22 11:54:14"}
{"level":"info","message":"Launching World | Loading World Data - 21%","timestamp":"2025-06-22 11:54:14"}
{"level":"info","message":"Connected to database \"combats\"","timestamp":"2025-06-22 11:54:14"}
{"level":"info","message":"Launching World | Loading World Data - 29%","timestamp":"2025-06-22 11:54:14"}
{"level":"info","message":"Connected to database \"fog\"","timestamp":"2025-06-22 11:54:14"}
{"level":"info","message":"Launching World | Loading World Data - 36%","timestamp":"2025-06-22 11:54:14"}
{"level":"info","message":"Connected to database \"folders\"","timestamp":"2025-06-22 11:54:14"}
{"level":"info","message":"Launching World | Loading World Data - 43%","timestamp":"2025-06-22 11:54:14"}
{"level":"info","message":"Connected to database \"items\"","timestamp":"2025-06-22 11:54:14"}
{"level":"info","message":"Launching World | Loading World Data - 50%","timestamp":"2025-06-22 11:54:14"}
{"level":"info","message":"Connected to database \"journal\"","timestamp":"2025-06-22 11:54:14"}
{"level":"info","message":"Launching World | Loading World Data - 57%","timestamp":"2025-06-22 11:54:14"}
{"level":"info","message":"Connected to database \"macros\"","timestamp":"2025-06-22 11:54:14"}
{"level":"info","message":"Launching World | Loading World Data - 64%","timestamp":"2025-06-22 11:54:14"}
{"level":"info","message":"Connected to database \"playlists\"","timestamp":"2025-06-22 11:54:14"}
{"level":"info","message":"Launching World | Loading World Data - 71%","timestamp":"2025-06-22 11:54:14"}
{"level":"info","message":"Connected to database \"tables\"","timestamp":"2025-06-22 11:54:15"}
{"level":"info","message":"Launching World | Loading World Data - 79%","timestamp":"2025-06-22 11:54:15"}
{"level":"info","message":"Connected to database \"scenes\"","timestamp":"2025-06-22 11:54:15"}
{"level":"info","message":"Launching World | Loading World Data - 86%","timestamp":"2025-06-22 11:54:15"}
{"level":"info","message":"Connected to database \"settings\"","timestamp":"2025-06-22 11:54:15"}
{"level":"info","message":"Launching World | Loading World Data - 93%","timestamp":"2025-06-22 11:54:15"}
{"level":"info","message":"Connected to database \"users\"","timestamp":"2025-06-22 11:54:15"}
{"level":"info","message":"Launching World | Loading World Data - 100%","timestamp":"2025-06-22 11:54:15"}
{"level":"info","message":"Launching World | Migrating World Data - 7%","timestamp":"2025-06-22 11:54:15"}
{"level":"info","message":"Launching World | Migrating World Data - 14%","timestamp":"2025-06-22 11:54:15"}
{"level":"info","message":"Launching World | Migrating World Data - 21%","timestamp":"2025-06-22 11:54:15"}
{"level":"info","message":"Launching World | Migrating World Data - 29%","timestamp":"2025-06-22 11:54:15"}
{"level":"info","message":"Launching World | Migrating World Data - 36%","timestamp":"2025-06-22 11:54:15"}
{"level":"info","message":"Launching World | Migrating World Data - 43%","timestamp":"2025-06-22 11:54:15"}
{"level":"info","message":"Launching World | Migrating World Data - 50%","timestamp":"2025-06-22 11:54:15"}
{"level":"info","message":"Launching World | Migrating World Data - 57%","timestamp":"2025-06-22 11:54:15"}
{"level":"info","message":"Launching World | Migrating World Data - 64%","timestamp":"2025-06-22 11:54:15"}
{"level":"info","message":"Launching World | Migrating World Data - 71%","timestamp":"2025-06-22 11:54:15"}
{"level":"info","message":"Launching World | Migrating World Data - 79%","timestamp":"2025-06-22 11:54:15"}
{"level":"info","message":"Launching World | Migrating World Data - 86%","timestamp":"2025-06-22 11:54:15"}
{"level":"info","message":"Launching World | Migrating World Data - 93%","timestamp":"2025-06-22 11:54:15"}
{"level":"info","message":"Launching World | Migrating World Data - 100%","timestamp":"2025-06-22 11:54:15"}
{"level":"info","message":"Launching World | Complete","timestamp":"2025-06-22 11:54:15"}
{"ip":"::1","level":"info","message":"User authentication successful for user Gamemaster","session":"23a75acdef40206c08fa8892","timestamp":"2025-06-22 11:54:17"}
{"level":"info","message":"No system update for Custom System Builder is currently available.","timestamp":"2025-06-22 11:54:18"}
{"level":"info","message":"Vended World data to User [s4a1LqWdL4mt3rP7] in 887ms","timestamp":"2025-06-22 11:54:18"}
{"code":"ECOMPROMISED","level":"error","message":"Unable to update lock within the stale threshold","stack":"Error: Unable to update lock within the stale threshold\n    at D:\\Games\\Foundry_12_331\\Foundry Virtual Tabletop\\resources\\app\\node_modules\\proper-lockfile\\lib\\lockfile.js:136:25\n    at callback (D:\\Games\\Foundry_12_331\\Foundry Virtual Tabletop\\resources\\app\\node_modules\\graceful-fs\\polyfills.js:306:20)\n    at FSReqCallback.oncomplete (node:fs:200:5)","timestamp":"2025-06-22 11:54:19"}
{"level":"info","message":"Deleted 19 ChatMessage documents","timestamp":"2025-06-22 11:57:26"}
{"level":"info","message":"Created Item with id [oTA5HM5AaDdbFUsz]","timestamp":"2025-06-22 12:01:19"}
{"level":"info","message":"Created Item with id [1swnXtH8ypFKisk6]","timestamp":"2025-06-22 12:07:14"}
{"level":"info","message":"Created ActiveEffect with id [UCt3MwYKR7S2BrtF] in parent Item [1swnXtH8ypFKisk6]","timestamp":"2025-06-22 12:07:17"}
{"level":"info","message":"Toggling game pause status to false","timestamp":"2025-06-22 15:35:32"}
{"level":"info","message":"Shutting down Foundry Virtual Tabletop server","timestamp":"2025-06-22 15:35:35"}
{"level":"info","message":"Shut-down success. Goodbye!","timestamp":"2025-06-22 15:35:35"}
{"level":"info","message":"Running on Node.js - Version 20.9.0","timestamp":"2025-06-22 18:07:55"}
{"level":"info","message":"Foundry Virtual Tabletop - Version 12 Build 331","timestamp":"2025-06-22 18:07:55"}
{"level":"info","message":"User Data Directory - \"D:/Games/Foundry_12_331/Source\"","timestamp":"2025-06-22 18:07:55"}
{"level":"info","message":"Application Options:\n{\n  \"compressStatic\": true,\n  \"fullscreen\": true,\n  \"hostname\": null,\n  \"language\": \"en.core\",\n  \"localHostname\": null,\n  \"port\": 30000,\n  \"proxyPort\": null,\n  \"proxySSL\": false,\n  \"routePrefix\": null,\n  \"updateChannel\": \"stable\",\n  \"upnp\": true,\n  \"awsConfig\": null,\n  \"compressSocket\": true,\n  \"cssTheme\": \"foundry\",\n  \"deleteNEDB\": false,\n  \"hotReload\": false,\n  \"passwordSalt\": null,\n  \"sslCert\": null,\n  \"sslKey\": null,\n  \"world\": null,\n  \"serviceConfig\": null,\n  \"telemetry\": true,\n  \"protocol\": null,\n  \"upnpLeaseDuration\": null,\n  \"adminPassword\": null,\n  \"noBackups\": false\n}","timestamp":"2025-06-22 18:07:55"}
{"level":"info","message":"Software license verification succeeded","timestamp":"2025-06-22 18:07:55"}
{"level":"info","message":"Requesting UPnP port forwarding to destination port 30000","timestamp":"2025-06-22 18:07:56"}
{"level":"info","message":"Running Electron application with version 29.4.0 using Chromium 122.0.6261.156","timestamp":"2025-06-22 18:07:56"}
{"level":"info","message":"Server started and listening on port 30000","timestamp":"2025-06-22 18:07:56"}
{"level":"info","message":"Created client session 62cf5d81ce5d38e4902196fc","timestamp":"2025-06-22 18:07:57"}
{"level":"info","message":"Core software stable update 12.343 is available!","timestamp":"2025-06-22 18:07:58"}
{"code":"ECOMPROMISED","level":"error","message":"Unable to update lock within the stale threshold","stack":"Error: Unable to update lock within the stale threshold\n    at D:\\Games\\Foundry_12_331\\Foundry Virtual Tabletop\\resources\\app\\node_modules\\proper-lockfile\\lib\\lockfile.js:136:25\n    at callback (D:\\Games\\Foundry_12_331\\Foundry Virtual Tabletop\\resources\\app\\node_modules\\graceful-fs\\polyfills.js:306:20)\n    at FSReqCallback.oncomplete (node:fs:200:5)","timestamp":"2025-06-22 18:08:06"}
{"level":"info","message":"Connected to database \"actors\"","timestamp":"2025-06-22 18:08:07"}
{"level":"info","message":"Launching World | Loading World Data - 7%","timestamp":"2025-06-22 18:08:07"}
{"level":"info","message":"Connected to database \"cards\"","timestamp":"2025-06-22 18:08:07"}
{"level":"info","message":"Launching World | Loading World Data - 14%","timestamp":"2025-06-22 18:08:07"}
{"level":"info","message":"Connected to database \"messages\"","timestamp":"2025-06-22 18:08:07"}
{"level":"info","message":"Launching World | Loading World Data - 21%","timestamp":"2025-06-22 18:08:07"}
{"level":"info","message":"Connected to database \"combats\"","timestamp":"2025-06-22 18:08:07"}
{"level":"info","message":"Launching World | Loading World Data - 29%","timestamp":"2025-06-22 18:08:07"}
{"level":"info","message":"Connected to database \"fog\"","timestamp":"2025-06-22 18:08:07"}
{"level":"info","message":"Launching World | Loading World Data - 36%","timestamp":"2025-06-22 18:08:07"}
{"level":"info","message":"Connected to database \"folders\"","timestamp":"2025-06-22 18:08:07"}
{"level":"info","message":"Launching World | Loading World Data - 43%","timestamp":"2025-06-22 18:08:07"}
{"level":"info","message":"Connected to database \"items\"","timestamp":"2025-06-22 18:08:07"}
{"level":"info","message":"Launching World | Loading World Data - 50%","timestamp":"2025-06-22 18:08:07"}
{"level":"info","message":"Connected to database \"journal\"","timestamp":"2025-06-22 18:08:07"}
{"level":"info","message":"Launching World | Loading World Data - 57%","timestamp":"2025-06-22 18:08:07"}
{"level":"info","message":"Connected to database \"macros\"","timestamp":"2025-06-22 18:08:07"}
{"level":"info","message":"Launching World | Loading World Data - 64%","timestamp":"2025-06-22 18:08:07"}
{"level":"info","message":"Connected to database \"playlists\"","timestamp":"2025-06-22 18:08:07"}
{"level":"info","message":"Launching World | Loading World Data - 71%","timestamp":"2025-06-22 18:08:07"}
{"level":"info","message":"Connected to database \"tables\"","timestamp":"2025-06-22 18:08:07"}
{"level":"info","message":"Launching World | Loading World Data - 79%","timestamp":"2025-06-22 18:08:07"}
{"level":"info","message":"Connected to database \"scenes\"","timestamp":"2025-06-22 18:08:07"}
{"level":"info","message":"Launching World | Loading World Data - 86%","timestamp":"2025-06-22 18:08:07"}
{"level":"info","message":"Connected to database \"settings\"","timestamp":"2025-06-22 18:08:07"}
{"level":"info","message":"Launching World | Loading World Data - 93%","timestamp":"2025-06-22 18:08:07"}
{"level":"info","message":"Connected to database \"users\"","timestamp":"2025-06-22 18:08:07"}
{"level":"info","message":"Launching World | Loading World Data - 100%","timestamp":"2025-06-22 18:08:07"}
{"level":"info","message":"Launching World | Migrating World Data - 7%","timestamp":"2025-06-22 18:08:07"}
{"level":"info","message":"Launching World | Migrating World Data - 14%","timestamp":"2025-06-22 18:08:07"}
{"level":"info","message":"Launching World | Migrating World Data - 21%","timestamp":"2025-06-22 18:08:07"}
{"level":"info","message":"Launching World | Migrating World Data - 29%","timestamp":"2025-06-22 18:08:07"}
{"level":"info","message":"Launching World | Migrating World Data - 36%","timestamp":"2025-06-22 18:08:07"}
{"level":"info","message":"Launching World | Migrating World Data - 43%","timestamp":"2025-06-22 18:08:07"}
{"level":"info","message":"Launching World | Migrating World Data - 50%","timestamp":"2025-06-22 18:08:07"}
{"level":"info","message":"Launching World | Migrating World Data - 57%","timestamp":"2025-06-22 18:08:07"}
{"level":"info","message":"Launching World | Migrating World Data - 64%","timestamp":"2025-06-22 18:08:07"}
{"level":"info","message":"Launching World | Migrating World Data - 71%","timestamp":"2025-06-22 18:08:07"}
{"level":"info","message":"Launching World | Migrating World Data - 79%","timestamp":"2025-06-22 18:08:07"}
{"level":"info","message":"Launching World | Migrating World Data - 86%","timestamp":"2025-06-22 18:08:07"}
{"level":"info","message":"Launching World | Migrating World Data - 93%","timestamp":"2025-06-22 18:08:07"}
{"level":"info","message":"Launching World | Migrating World Data - 100%","timestamp":"2025-06-22 18:08:07"}
{"level":"info","message":"Launching World | Complete","timestamp":"2025-06-22 18:08:07"}
{"ip":"::1","level":"info","message":"User authentication successful for user Gamemaster","session":"62cf5d81ce5d38e4902196fc","timestamp":"2025-06-22 18:08:09"}
{"level":"info","message":"No system update for Custom System Builder is currently available.","timestamp":"2025-06-22 18:08:10"}
{"level":"info","message":"Vended World data to User [s4a1LqWdL4mt3rP7] in 734ms","timestamp":"2025-06-22 18:08:10"}
{"level":"info","message":"Shutting down Foundry Virtual Tabletop server","timestamp":"2025-06-22 19:21:22"}
{"level":"info","message":"Shut-down success. Goodbye!","timestamp":"2025-06-22 19:21:22"}
{"level":"info","message":"Running on Node.js - Version 20.9.0","timestamp":"2025-06-22 21:13:59"}
{"level":"info","message":"Foundry Virtual Tabletop - Version 12 Build 331","timestamp":"2025-06-22 21:13:59"}
{"level":"info","message":"User Data Directory - \"D:/Games/Foundry_12_331/Source\"","timestamp":"2025-06-22 21:13:59"}
{"level":"info","message":"Application Options:\n{\n  \"compressStatic\": true,\n  \"fullscreen\": true,\n  \"hostname\": null,\n  \"language\": \"en.core\",\n  \"localHostname\": null,\n  \"port\": 30000,\n  \"proxyPort\": null,\n  \"proxySSL\": false,\n  \"routePrefix\": null,\n  \"updateChannel\": \"stable\",\n  \"upnp\": true,\n  \"awsConfig\": null,\n  \"compressSocket\": true,\n  \"cssTheme\": \"foundry\",\n  \"deleteNEDB\": false,\n  \"hotReload\": false,\n  \"passwordSalt\": null,\n  \"sslCert\": null,\n  \"sslKey\": null,\n  \"world\": null,\n  \"serviceConfig\": null,\n  \"telemetry\": true,\n  \"protocol\": null,\n  \"upnpLeaseDuration\": null,\n  \"adminPassword\": null,\n  \"noBackups\": false\n}","timestamp":"2025-06-22 21:13:59"}
{"level":"info","message":"Software license verification succeeded","timestamp":"2025-06-22 21:13:59"}
{"level":"info","message":"Requesting UPnP port forwarding to destination port 30000","timestamp":"2025-06-22 21:13:59"}
{"level":"info","message":"Running Electron application with version 29.4.0 using Chromium 122.0.6261.156","timestamp":"2025-06-22 21:13:59"}
{"level":"info","message":"Server started and listening on port 30000","timestamp":"2025-06-22 21:13:59"}
{"level":"info","message":"Created client session 4315304b61c092d270d28ab9","timestamp":"2025-06-22 21:14:01"}
{"level":"info","message":"Core software stable update 12.343 is available!","timestamp":"2025-06-22 21:14:01"}
{"level":"info","message":"Connected to database \"actors\"","timestamp":"2025-06-22 21:14:03"}
{"level":"info","message":"Launching World | Loading World Data - 7%","timestamp":"2025-06-22 21:14:03"}
{"level":"info","message":"Connected to database \"cards\"","timestamp":"2025-06-22 21:14:03"}
{"level":"info","message":"Launching World | Loading World Data - 14%","timestamp":"2025-06-22 21:14:03"}
{"level":"info","message":"Connected to database \"messages\"","timestamp":"2025-06-22 21:14:03"}
{"level":"info","message":"Launching World | Loading World Data - 21%","timestamp":"2025-06-22 21:14:03"}
{"level":"info","message":"Connected to database \"combats\"","timestamp":"2025-06-22 21:14:03"}
{"level":"info","message":"Launching World | Loading World Data - 29%","timestamp":"2025-06-22 21:14:03"}
{"level":"info","message":"Connected to database \"fog\"","timestamp":"2025-06-22 21:14:03"}
{"level":"info","message":"Launching World | Loading World Data - 36%","timestamp":"2025-06-22 21:14:03"}
{"level":"info","message":"Connected to database \"folders\"","timestamp":"2025-06-22 21:14:03"}
{"level":"info","message":"Launching World | Loading World Data - 43%","timestamp":"2025-06-22 21:14:03"}
{"level":"info","message":"Connected to database \"items\"","timestamp":"2025-06-22 21:14:03"}
{"level":"info","message":"Launching World | Loading World Data - 50%","timestamp":"2025-06-22 21:14:03"}
{"level":"info","message":"Connected to database \"journal\"","timestamp":"2025-06-22 21:14:03"}
{"level":"info","message":"Launching World | Loading World Data - 57%","timestamp":"2025-06-22 21:14:03"}
{"level":"info","message":"Connected to database \"macros\"","timestamp":"2025-06-22 21:14:03"}
{"level":"info","message":"Launching World | Loading World Data - 64%","timestamp":"2025-06-22 21:14:03"}
{"level":"info","message":"Connected to database \"playlists\"","timestamp":"2025-06-22 21:14:03"}
{"level":"info","message":"Launching World | Loading World Data - 71%","timestamp":"2025-06-22 21:14:03"}
{"level":"info","message":"Connected to database \"tables\"","timestamp":"2025-06-22 21:14:03"}
{"level":"info","message":"Launching World | Loading World Data - 79%","timestamp":"2025-06-22 21:14:03"}
{"level":"info","message":"Connected to database \"scenes\"","timestamp":"2025-06-22 21:14:03"}
{"level":"info","message":"Launching World | Loading World Data - 86%","timestamp":"2025-06-22 21:14:03"}
{"level":"info","message":"Connected to database \"settings\"","timestamp":"2025-06-22 21:14:03"}
{"level":"info","message":"Launching World | Loading World Data - 93%","timestamp":"2025-06-22 21:14:03"}
{"level":"info","message":"Connected to database \"users\"","timestamp":"2025-06-22 21:14:03"}
{"level":"info","message":"Launching World | Loading World Data - 100%","timestamp":"2025-06-22 21:14:03"}
{"level":"info","message":"Launching World | Migrating World Data - 7%","timestamp":"2025-06-22 21:14:03"}
{"level":"info","message":"Launching World | Migrating World Data - 14%","timestamp":"2025-06-22 21:14:03"}
{"level":"info","message":"Launching World | Migrating World Data - 21%","timestamp":"2025-06-22 21:14:03"}
{"level":"info","message":"Launching World | Migrating World Data - 29%","timestamp":"2025-06-22 21:14:03"}
{"level":"info","message":"Launching World | Migrating World Data - 36%","timestamp":"2025-06-22 21:14:03"}
{"level":"info","message":"Launching World | Migrating World Data - 43%","timestamp":"2025-06-22 21:14:03"}
{"level":"info","message":"Launching World | Migrating World Data - 50%","timestamp":"2025-06-22 21:14:03"}
{"level":"info","message":"Launching World | Migrating World Data - 57%","timestamp":"2025-06-22 21:14:03"}
{"level":"info","message":"Launching World | Migrating World Data - 64%","timestamp":"2025-06-22 21:14:03"}
{"level":"info","message":"Launching World | Migrating World Data - 71%","timestamp":"2025-06-22 21:14:03"}
{"level":"info","message":"Launching World | Migrating World Data - 79%","timestamp":"2025-06-22 21:14:03"}
{"level":"info","message":"Launching World | Migrating World Data - 86%","timestamp":"2025-06-22 21:14:03"}
{"level":"info","message":"Launching World | Migrating World Data - 93%","timestamp":"2025-06-22 21:14:03"}
{"level":"info","message":"Launching World | Migrating World Data - 100%","timestamp":"2025-06-22 21:14:03"}
{"level":"info","message":"Launching World | Complete","timestamp":"2025-06-22 21:14:03"}
{"ip":"::1","level":"info","message":"User authentication successful for user Gamemaster","session":"4315304b61c092d270d28ab9","timestamp":"2025-06-22 21:14:05"}
{"level":"info","message":"No system update for Custom System Builder is currently available.","timestamp":"2025-06-22 21:14:07"}
{"level":"info","message":"Vended World data to User [s4a1LqWdL4mt3rP7] in 852ms","timestamp":"2025-06-22 21:14:07"}
{"code":"ECOMPROMISED","level":"error","message":"Unable to update lock within the stale threshold","stack":"Error: Unable to update lock within the stale threshold\n    at D:\\Games\\Foundry_12_331\\Foundry Virtual Tabletop\\resources\\app\\node_modules\\proper-lockfile\\lib\\lockfile.js:136:25\n    at callback (D:\\Games\\Foundry_12_331\\Foundry Virtual Tabletop\\resources\\app\\node_modules\\graceful-fs\\polyfills.js:306:20)\n    at FSReqCallback.oncomplete (node:fs:200:5)","timestamp":"2025-06-22 21:14:09"}
{"level":"info","message":"Downloading package - 0%","timestamp":"2025-06-22 21:31:37"}
{"level":"info","message":"Installing package - 7%","timestamp":"2025-06-22 21:31:37"}
{"level":"info","message":"Installing package - 13%","timestamp":"2025-06-22 21:31:37"}
{"level":"info","message":"Installing package - 20%","timestamp":"2025-06-22 21:31:37"}
{"level":"info","message":"Installing package - 27%","timestamp":"2025-06-22 21:31:37"}
{"level":"info","message":"Installing package - 33%","timestamp":"2025-06-22 21:31:37"}
{"level":"info","message":"Installing package - 40%","timestamp":"2025-06-22 21:31:37"}
{"level":"info","message":"Installing package - 47%","timestamp":"2025-06-22 21:31:37"}
{"level":"info","message":"Installing package - 53%","timestamp":"2025-06-22 21:31:37"}
{"level":"info","message":"Installing package - 60%","timestamp":"2025-06-22 21:31:37"}
{"level":"info","message":"Installing package - 67%","timestamp":"2025-06-22 21:31:37"}
{"level":"info","message":"Installing package - 73%","timestamp":"2025-06-22 21:31:37"}
{"level":"info","message":"Installing package - 80%","timestamp":"2025-06-22 21:31:37"}
{"level":"info","message":"Installing package - 87%","timestamp":"2025-06-22 21:31:37"}
{"level":"info","message":"Installing package - 93%","timestamp":"2025-06-22 21:31:37"}
{"level":"info","message":"Installing package - 100%","timestamp":"2025-06-22 21:31:37"}
{"level":"info","message":"Installed module custom-system-builder-example","timestamp":"2025-06-22 21:31:37"}
{"level":"info","message":"complete - 100%","timestamp":"2025-06-22 21:31:37"}
{"level":"info","message":"Connected to database \"actors\"","timestamp":"2025-06-22 21:32:08"}
{"level":"info","message":"Launching World | Loading World Data - 7%","timestamp":"2025-06-22 21:32:08"}
{"level":"info","message":"Connected to database \"cards\"","timestamp":"2025-06-22 21:32:08"}
{"level":"info","message":"Launching World | Loading World Data - 14%","timestamp":"2025-06-22 21:32:08"}
{"level":"info","message":"Connected to database \"messages\"","timestamp":"2025-06-22 21:32:08"}
{"level":"info","message":"Launching World | Loading World Data - 21%","timestamp":"2025-06-22 21:32:08"}
{"level":"info","message":"Connected to database \"combats\"","timestamp":"2025-06-22 21:32:08"}
{"level":"info","message":"Launching World | Loading World Data - 29%","timestamp":"2025-06-22 21:32:08"}
{"level":"info","message":"Connected to database \"fog\"","timestamp":"2025-06-22 21:32:08"}
{"level":"info","message":"Launching World | Loading World Data - 36%","timestamp":"2025-06-22 21:32:08"}
{"level":"info","message":"Connected to database \"folders\"","timestamp":"2025-06-22 21:32:08"}
{"level":"info","message":"Launching World | Loading World Data - 43%","timestamp":"2025-06-22 21:32:08"}
{"level":"info","message":"Connected to database \"items\"","timestamp":"2025-06-22 21:32:08"}
{"level":"info","message":"Launching World | Loading World Data - 50%","timestamp":"2025-06-22 21:32:08"}
{"level":"info","message":"Connected to database \"journal\"","timestamp":"2025-06-22 21:32:08"}
{"level":"info","message":"Launching World | Loading World Data - 57%","timestamp":"2025-06-22 21:32:08"}
{"level":"info","message":"Connected to database \"macros\"","timestamp":"2025-06-22 21:32:08"}
{"level":"info","message":"Launching World | Loading World Data - 64%","timestamp":"2025-06-22 21:32:08"}
{"level":"info","message":"Connected to database \"playlists\"","timestamp":"2025-06-22 21:32:08"}
{"level":"info","message":"Launching World | Loading World Data - 71%","timestamp":"2025-06-22 21:32:08"}
{"level":"info","message":"Connected to database \"tables\"","timestamp":"2025-06-22 21:32:08"}
{"level":"info","message":"Launching World | Loading World Data - 79%","timestamp":"2025-06-22 21:32:08"}
{"level":"info","message":"Connected to database \"scenes\"","timestamp":"2025-06-22 21:32:08"}
{"level":"info","message":"Launching World | Loading World Data - 86%","timestamp":"2025-06-22 21:32:08"}
{"level":"info","message":"Connected to database \"settings\"","timestamp":"2025-06-22 21:32:08"}
{"level":"info","message":"Launching World | Loading World Data - 93%","timestamp":"2025-06-22 21:32:08"}
{"level":"info","message":"Connected to database \"users\"","timestamp":"2025-06-22 21:32:08"}
{"level":"info","message":"Launching World | Loading World Data - 100%","timestamp":"2025-06-22 21:32:08"}
{"level":"info","message":"Launching World | Migrating World Data - 7%","timestamp":"2025-06-22 21:32:08"}
{"level":"info","message":"Launching World | Migrating World Data - 14%","timestamp":"2025-06-22 21:32:08"}
{"level":"info","message":"Launching World | Migrating World Data - 21%","timestamp":"2025-06-22 21:32:08"}
{"level":"info","message":"Launching World | Migrating World Data - 29%","timestamp":"2025-06-22 21:32:08"}
{"level":"info","message":"Launching World | Migrating World Data - 36%","timestamp":"2025-06-22 21:32:08"}
{"level":"info","message":"Launching World | Migrating World Data - 43%","timestamp":"2025-06-22 21:32:08"}
{"level":"info","message":"Launching World | Migrating World Data - 50%","timestamp":"2025-06-22 21:32:08"}
{"level":"info","message":"Launching World | Migrating World Data - 57%","timestamp":"2025-06-22 21:32:08"}
{"level":"info","message":"Launching World | Migrating World Data - 64%","timestamp":"2025-06-22 21:32:08"}
{"level":"info","message":"Launching World | Migrating World Data - 71%","timestamp":"2025-06-22 21:32:08"}
{"level":"info","message":"Launching World | Migrating World Data - 79%","timestamp":"2025-06-22 21:32:08"}
{"level":"info","message":"Launching World | Migrating World Data - 86%","timestamp":"2025-06-22 21:32:08"}
{"level":"info","message":"Launching World | Migrating World Data - 93%","timestamp":"2025-06-22 21:32:08"}
{"level":"info","message":"Launching World | Migrating World Data - 100%","timestamp":"2025-06-22 21:32:08"}
{"level":"info","message":"Launching World | Complete","timestamp":"2025-06-22 21:32:08"}
{"ip":"::1","level":"info","message":"User authentication successful for user Gamemaster","session":"4315304b61c092d270d28ab9","timestamp":"2025-06-22 21:32:11"}
{"level":"info","message":"No system update for Custom System Builder is currently available.","timestamp":"2025-06-22 21:32:13"}
{"level":"info","message":"Vended World data to User [s4a1LqWdL4mt3rP7] in 746ms","timestamp":"2025-06-22 21:32:13"}
{"level":"info","message":"Connected to database \"custom-system-builder-example.examples\"","timestamp":"2025-06-22 21:32:23"}
{"level":"info","message":"Created 0 Folder documents with ids: []","timestamp":"2025-06-22 21:32:23"}
{"level":"info","message":"Created Setting with id [j9dFiG1XFRBZXk3v]","timestamp":"2025-06-22 21:32:23"}
{"level":"info","message":"No system update for Custom System Builder is currently available.","timestamp":"2025-06-22 21:32:25"}
{"level":"info","message":"Vended World data to User [s4a1LqWdL4mt3rP7] in 751ms","timestamp":"2025-06-22 21:32:25"}
{"level":"info","message":"No system update for Custom System Builder is currently available.","timestamp":"2025-06-22 21:33:37"}
{"level":"info","message":"Vended World data to User [s4a1LqWdL4mt3rP7] in 1003ms","timestamp":"2025-06-22 21:33:37"}
{"level":"info","message":"Connected to database \"actors\"","timestamp":"2025-06-22 21:35:18"}
{"level":"info","message":"Launching World | Loading World Data - 7%","timestamp":"2025-06-22 21:35:18"}
{"level":"info","message":"Connected to database \"cards\"","timestamp":"2025-06-22 21:35:18"}
{"level":"info","message":"Launching World | Loading World Data - 14%","timestamp":"2025-06-22 21:35:18"}
{"level":"info","message":"Connected to database \"messages\"","timestamp":"2025-06-22 21:35:18"}
{"level":"info","message":"Launching World | Loading World Data - 21%","timestamp":"2025-06-22 21:35:18"}
{"level":"info","message":"Connected to database \"combats\"","timestamp":"2025-06-22 21:35:18"}
{"level":"info","message":"Launching World | Loading World Data - 29%","timestamp":"2025-06-22 21:35:18"}
{"level":"info","message":"Connected to database \"fog\"","timestamp":"2025-06-22 21:35:18"}
{"level":"info","message":"Launching World | Loading World Data - 36%","timestamp":"2025-06-22 21:35:18"}
{"level":"info","message":"Connected to database \"folders\"","timestamp":"2025-06-22 21:35:18"}
{"level":"info","message":"Launching World | Loading World Data - 43%","timestamp":"2025-06-22 21:35:18"}
{"level":"info","message":"Connected to database \"items\"","timestamp":"2025-06-22 21:35:18"}
{"level":"info","message":"Launching World | Loading World Data - 50%","timestamp":"2025-06-22 21:35:18"}
{"level":"info","message":"Connected to database \"journal\"","timestamp":"2025-06-22 21:35:18"}
{"level":"info","message":"Launching World | Loading World Data - 57%","timestamp":"2025-06-22 21:35:18"}
{"level":"info","message":"Connected to database \"macros\"","timestamp":"2025-06-22 21:35:18"}
{"level":"info","message":"Launching World | Loading World Data - 64%","timestamp":"2025-06-22 21:35:18"}
{"level":"info","message":"Connected to database \"playlists\"","timestamp":"2025-06-22 21:35:18"}
{"level":"info","message":"Launching World | Loading World Data - 71%","timestamp":"2025-06-22 21:35:18"}
{"level":"info","message":"Connected to database \"tables\"","timestamp":"2025-06-22 21:35:18"}
{"level":"info","message":"Launching World | Loading World Data - 79%","timestamp":"2025-06-22 21:35:18"}
{"level":"info","message":"Connected to database \"scenes\"","timestamp":"2025-06-22 21:35:18"}
{"level":"info","message":"Launching World | Loading World Data - 86%","timestamp":"2025-06-22 21:35:18"}
{"level":"info","message":"Connected to database \"settings\"","timestamp":"2025-06-22 21:35:18"}
{"level":"info","message":"Launching World | Loading World Data - 93%","timestamp":"2025-06-22 21:35:18"}
{"level":"info","message":"Connected to database \"users\"","timestamp":"2025-06-22 21:35:18"}
{"level":"info","message":"Launching World | Loading World Data - 100%","timestamp":"2025-06-22 21:35:18"}
{"level":"info","message":"Launching World | Migrating World Data - 7%","timestamp":"2025-06-22 21:35:18"}
{"level":"info","message":"Launching World | Migrating World Data - 14%","timestamp":"2025-06-22 21:35:18"}
{"level":"info","message":"Launching World | Migrating World Data - 21%","timestamp":"2025-06-22 21:35:18"}
{"level":"info","message":"Launching World | Migrating World Data - 29%","timestamp":"2025-06-22 21:35:18"}
{"level":"info","message":"Launching World | Migrating World Data - 36%","timestamp":"2025-06-22 21:35:18"}
{"level":"info","message":"Launching World | Migrating World Data - 43%","timestamp":"2025-06-22 21:35:18"}
{"level":"info","message":"Launching World | Migrating World Data - 50%","timestamp":"2025-06-22 21:35:18"}
{"level":"info","message":"Launching World | Migrating World Data - 57%","timestamp":"2025-06-22 21:35:18"}
{"level":"info","message":"Launching World | Migrating World Data - 64%","timestamp":"2025-06-22 21:35:18"}
{"level":"info","message":"Launching World | Migrating World Data - 71%","timestamp":"2025-06-22 21:35:18"}
{"level":"info","message":"Launching World | Migrating World Data - 79%","timestamp":"2025-06-22 21:35:18"}
{"level":"info","message":"Launching World | Migrating World Data - 86%","timestamp":"2025-06-22 21:35:18"}
{"level":"info","message":"Launching World | Migrating World Data - 93%","timestamp":"2025-06-22 21:35:18"}
{"level":"info","message":"Launching World | Migrating World Data - 100%","timestamp":"2025-06-22 21:35:18"}
{"level":"info","message":"Connected to database \"custom-system-builder-example.examples\"","timestamp":"2025-06-22 21:35:18"}
{"level":"info","message":"Created 0 Folder documents with ids: []","timestamp":"2025-06-22 21:35:18"}
{"level":"info","message":"Launching World | Complete","timestamp":"2025-06-22 21:35:18"}
{"ip":"::1","level":"info","message":"User authentication successful for user Gamemaster","session":"4315304b61c092d270d28ab9","timestamp":"2025-06-22 21:35:21"}
{"level":"info","message":"No system update for Custom System Builder is currently available.","timestamp":"2025-06-22 21:35:23"}
{"level":"info","message":"Vended World data to User [s4a1LqWdL4mt3rP7] in 848ms","timestamp":"2025-06-22 21:35:23"}
{"level":"info","message":"Created Setting with id [5WYHCPAmDEKpQET9]","timestamp":"2025-06-22 21:35:26"}
{"level":"info","message":"Created 0 Folder documents with ids: []","timestamp":"2025-06-22 21:37:01"}
{"level":"info","message":"No system update for Custom System Builder is currently available.","timestamp":"2025-06-22 21:37:03"}
{"level":"info","message":"Vended World data to User [s4a1LqWdL4mt3rP7] in 763ms","timestamp":"2025-06-22 21:37:03"}
{"level":"info","message":"Deleted Item with id [10QIpQX6IUhWzJHf] in parent Actor [Y7aAZR7pypm3jFBJ]","timestamp":"2025-06-22 21:49:39"}
{"level":"info","message":"Deleted Item with id [x15kIYCP5gIhfWlm] in parent Actor [Y7aAZR7pypm3jFBJ]","timestamp":"2025-06-22 21:49:40"}
{"level":"info","message":"Deleted Item with id [sT1V2WiaE3kYERuZ] in parent Actor [Y7aAZR7pypm3jFBJ]","timestamp":"2025-06-22 21:49:40"}
{"level":"info","message":"Deleted Item with id [TmU1yIXkkrLBsFad] in parent Actor [Y7aAZR7pypm3jFBJ]","timestamp":"2025-06-22 21:49:42"}
{"level":"info","message":"Created Item with id [hbyiyCcrroqxHGRi] in parent Actor [Y7aAZR7pypm3jFBJ]","timestamp":"2025-06-22 21:50:24"}
{"level":"info","message":"Created Item with id [99BYW1NEOovBw499] in parent Actor [Y7aAZR7pypm3jFBJ]","timestamp":"2025-06-22 21:51:17"}
{"level":"info","message":"Deleted Item with id [99BYW1NEOovBw499] in parent Actor [Y7aAZR7pypm3jFBJ]","timestamp":"2025-06-22 21:52:23"}
{"level":"info","message":"Created Item with id [5uu6YS7LoheCftOd] in parent Actor [Y7aAZR7pypm3jFBJ]","timestamp":"2025-06-22 21:52:27"}
{"level":"info","message":"Created Item with id [y7Yqjgl6MudblQaK] in parent Actor [Y7aAZR7pypm3jFBJ]","timestamp":"2025-06-22 21:54:19"}
{"level":"info","message":"Created Item with id [fNJ02iJazF7iCjgs] in parent Actor [Y7aAZR7pypm3jFBJ]","timestamp":"2025-06-22 21:54:22"}
{"level":"info","message":"Created Item with id [uVGlXKkIZpZsvB5N]","timestamp":"2025-06-22 21:59:38"}
{"level":"info","message":"Created Folder with id [zsTVYpIr1PwOM4g2]","timestamp":"2025-06-22 22:10:20"}
{"level":"info","message":"Created Folder with id [shCEOmSQJmv4ml7r]","timestamp":"2025-06-22 22:10:47"}
{"level":"info","message":"Created Item with id [2TOSJy3woLb6uor0]","timestamp":"2025-06-22 22:11:43"}
{"level":"info","message":"Toggling game pause status to false","timestamp":"2025-06-22 22:27:19"}
{"level":"info","message":"Shutting down Foundry Virtual Tabletop server","timestamp":"2025-06-22 23:45:55"}
{"level":"info","message":"Shut-down success. Goodbye!","timestamp":"2025-06-22 23:45:55"}
{"level":"info","message":"Running on Node.js - Version 20.9.0","timestamp":"2025-06-22 23:46:00"}
{"level":"info","message":"Foundry Virtual Tabletop - Version 12 Build 331","timestamp":"2025-06-22 23:46:00"}
{"level":"info","message":"User Data Directory - \"D:/Games/Foundry_12_331/Source\"","timestamp":"2025-06-22 23:46:00"}
{"level":"info","message":"Application Options:\n{\n  \"compressStatic\": true,\n  \"fullscreen\": true,\n  \"hostname\": null,\n  \"language\": \"en.core\",\n  \"localHostname\": null,\n  \"port\": 30000,\n  \"proxyPort\": null,\n  \"proxySSL\": false,\n  \"routePrefix\": null,\n  \"updateChannel\": \"stable\",\n  \"upnp\": true,\n  \"awsConfig\": null,\n  \"compressSocket\": true,\n  \"cssTheme\": \"foundry\",\n  \"deleteNEDB\": false,\n  \"hotReload\": false,\n  \"passwordSalt\": null,\n  \"sslCert\": null,\n  \"sslKey\": null,\n  \"world\": null,\n  \"serviceConfig\": null,\n  \"telemetry\": true,\n  \"protocol\": null,\n  \"upnpLeaseDuration\": null,\n  \"adminPassword\": null,\n  \"noBackups\": false\n}","timestamp":"2025-06-22 23:46:00"}
{"level":"info","message":"Software license verification succeeded","timestamp":"2025-06-22 23:46:00"}
{"level":"info","message":"Requesting UPnP port forwarding to destination port 30000","timestamp":"2025-06-22 23:46:00"}
{"level":"info","message":"Running Electron application with version 29.4.0 using Chromium 122.0.6261.156","timestamp":"2025-06-22 23:46:00"}
{"level":"info","message":"Server started and listening on port 30000","timestamp":"2025-06-22 23:46:01"}
{"level":"info","message":"Created client session db8c65b36f9eb460e665552f","timestamp":"2025-06-22 23:46:02"}
{"level":"info","message":"Core software stable update 12.343 is available!","timestamp":"2025-06-22 23:46:05"}
{"level":"info","message":"Connected to database \"actors\"","timestamp":"2025-06-22 23:46:06"}
{"level":"info","message":"Launching World | Loading World Data - 7%","timestamp":"2025-06-22 23:46:06"}
{"level":"info","message":"Connected to database \"cards\"","timestamp":"2025-06-22 23:46:06"}
{"level":"info","message":"Launching World | Loading World Data - 14%","timestamp":"2025-06-22 23:46:06"}
{"level":"info","message":"Connected to database \"messages\"","timestamp":"2025-06-22 23:46:06"}
{"level":"info","message":"Launching World | Loading World Data - 21%","timestamp":"2025-06-22 23:46:06"}
{"level":"info","message":"Connected to database \"combats\"","timestamp":"2025-06-22 23:46:06"}
{"level":"info","message":"Launching World | Loading World Data - 29%","timestamp":"2025-06-22 23:46:06"}
{"level":"info","message":"Connected to database \"fog\"","timestamp":"2025-06-22 23:46:06"}
{"level":"info","message":"Launching World | Loading World Data - 36%","timestamp":"2025-06-22 23:46:06"}
{"level":"info","message":"Connected to database \"folders\"","timestamp":"2025-06-22 23:46:06"}
{"level":"info","message":"Launching World | Loading World Data - 43%","timestamp":"2025-06-22 23:46:06"}
{"level":"info","message":"Connected to database \"items\"","timestamp":"2025-06-22 23:46:06"}
{"level":"info","message":"Launching World | Loading World Data - 50%","timestamp":"2025-06-22 23:46:06"}
{"level":"info","message":"Connected to database \"journal\"","timestamp":"2025-06-22 23:46:06"}
{"level":"info","message":"Launching World | Loading World Data - 57%","timestamp":"2025-06-22 23:46:06"}
{"level":"info","message":"Connected to database \"macros\"","timestamp":"2025-06-22 23:46:06"}
{"level":"info","message":"Launching World | Loading World Data - 64%","timestamp":"2025-06-22 23:46:06"}
{"level":"info","message":"Connected to database \"playlists\"","timestamp":"2025-06-22 23:46:06"}
{"level":"info","message":"Launching World | Loading World Data - 71%","timestamp":"2025-06-22 23:46:06"}
{"level":"info","message":"Connected to database \"tables\"","timestamp":"2025-06-22 23:46:06"}
{"level":"info","message":"Launching World | Loading World Data - 79%","timestamp":"2025-06-22 23:46:06"}
{"level":"info","message":"Connected to database \"scenes\"","timestamp":"2025-06-22 23:46:06"}
{"level":"info","message":"Launching World | Loading World Data - 86%","timestamp":"2025-06-22 23:46:06"}
{"level":"info","message":"Connected to database \"settings\"","timestamp":"2025-06-22 23:46:06"}
{"level":"info","message":"Launching World | Loading World Data - 93%","timestamp":"2025-06-22 23:46:06"}
{"level":"info","message":"Connected to database \"users\"","timestamp":"2025-06-22 23:46:06"}
{"level":"info","message":"Launching World | Loading World Data - 100%","timestamp":"2025-06-22 23:46:06"}
{"level":"info","message":"Launching World | Migrating World Data - 7%","timestamp":"2025-06-22 23:46:06"}
{"level":"info","message":"Launching World | Migrating World Data - 14%","timestamp":"2025-06-22 23:46:06"}
{"level":"info","message":"Launching World | Migrating World Data - 21%","timestamp":"2025-06-22 23:46:06"}
{"level":"info","message":"Launching World | Migrating World Data - 29%","timestamp":"2025-06-22 23:46:06"}
{"level":"info","message":"Launching World | Migrating World Data - 36%","timestamp":"2025-06-22 23:46:06"}
{"level":"info","message":"Launching World | Migrating World Data - 43%","timestamp":"2025-06-22 23:46:06"}
{"level":"info","message":"Launching World | Migrating World Data - 50%","timestamp":"2025-06-22 23:46:06"}
{"level":"info","message":"Launching World | Migrating World Data - 57%","timestamp":"2025-06-22 23:46:06"}
{"level":"info","message":"Launching World | Migrating World Data - 64%","timestamp":"2025-06-22 23:46:06"}
{"level":"info","message":"Launching World | Migrating World Data - 71%","timestamp":"2025-06-22 23:46:06"}
{"level":"info","message":"Launching World | Migrating World Data - 79%","timestamp":"2025-06-22 23:46:06"}
{"level":"info","message":"Launching World | Migrating World Data - 86%","timestamp":"2025-06-22 23:46:06"}
{"level":"info","message":"Launching World | Migrating World Data - 93%","timestamp":"2025-06-22 23:46:06"}
{"level":"info","message":"Launching World | Migrating World Data - 100%","timestamp":"2025-06-22 23:46:06"}
{"level":"info","message":"Launching World | Complete","timestamp":"2025-06-22 23:46:06"}
{"ip":"::1","level":"info","message":"User authentication successful for user Gamemaster","session":"db8c65b36f9eb460e665552f","timestamp":"2025-06-22 23:46:09"}
{"level":"info","message":"No system update for Custom System Builder is currently available.","timestamp":"2025-06-22 23:46:11"}
{"level":"info","message":"Vended World data to User [s4a1LqWdL4mt3rP7] in 764ms","timestamp":"2025-06-22 23:46:11"}
{"code":"ECOMPROMISED","level":"error","message":"Unable to update lock within the stale threshold","stack":"Error: Unable to update lock within the stale threshold\n    at D:\\Games\\Foundry_12_331\\Foundry Virtual Tabletop\\resources\\app\\node_modules\\proper-lockfile\\lib\\lockfile.js:136:25\n    at callback (D:\\Games\\Foundry_12_331\\Foundry Virtual Tabletop\\resources\\app\\node_modules\\graceful-fs\\polyfills.js:306:20)\n    at FSReqCallback.oncomplete (node:fs:200:5)","timestamp":"2025-06-22 23:46:15"}
{"level":"info","message":"Created Item with id [IoBSbZIrHchL5dYv] in parent Actor [Y7aAZR7pypm3jFBJ]","timestamp":"2025-06-22 23:54:41"}
{"level":"info","message":"Created Item with id [eZR4GL3RzfMBz69m] in parent Actor [Y7aAZR7pypm3jFBJ]","timestamp":"2025-06-22 23:54:53"}
{"level":"info","message":"Deleted Item with id [eZR4GL3RzfMBz69m] in parent Actor [Y7aAZR7pypm3jFBJ]","timestamp":"2025-06-22 23:56:14"}
