{"level":"info","message":"Running on Node.js - Version 20.9.0","timestamp":"2025-06-28 14:30:08"}
{"level":"info","message":"Foundry Virtual Tabletop - Version 12 Build 331","timestamp":"2025-06-28 14:30:08"}
{"level":"info","message":"User Data Directory - \"D:/Games/Foundry_12_331/Source\"","timestamp":"2025-06-28 14:30:08"}
{"level":"info","message":"Application Options:\n{\n  \"compressStatic\": true,\n  \"fullscreen\": true,\n  \"hostname\": null,\n  \"language\": \"en.core\",\n  \"localHostname\": null,\n  \"port\": 30000,\n  \"proxyPort\": null,\n  \"proxySSL\": false,\n  \"routePrefix\": null,\n  \"updateChannel\": \"stable\",\n  \"upnp\": true,\n  \"awsConfig\": null,\n  \"compressSocket\": true,\n  \"cssTheme\": \"foundry\",\n  \"deleteNEDB\": false,\n  \"hotReload\": false,\n  \"passwordSalt\": null,\n  \"sslCert\": null,\n  \"sslKey\": null,\n  \"world\": null,\n  \"serviceConfig\": null,\n  \"telemetry\": true,\n  \"protocol\": null,\n  \"upnpLeaseDuration\": null,\n  \"adminPassword\": null,\n  \"noBackups\": false\n}","timestamp":"2025-06-28 14:30:08"}
{"level":"info","message":"Software license verification succeeded","timestamp":"2025-06-28 14:30:08"}
{"level":"info","message":"Requesting UPnP port forwarding to destination port 30000","timestamp":"2025-06-28 14:30:08"}
{"level":"info","message":"Running Electron application with version 29.4.0 using Chromium 122.0.6261.156","timestamp":"2025-06-28 14:30:08"}
{"level":"info","message":"Server started and listening on port 30000","timestamp":"2025-06-28 14:30:08"}
{"level":"info","message":"Created client session 7b8eef427706d4e7ca576ec4","timestamp":"2025-06-28 14:30:10"}
{"level":"info","message":"Core software stable update 12.343 is available!","timestamp":"2025-06-28 14:30:10"}
{"level":"info","message":"Connected to database \"actors\"","timestamp":"2025-06-28 14:30:15"}
{"level":"info","message":"Launching World | Loading World Data - 7%","timestamp":"2025-06-28 14:30:15"}
{"level":"info","message":"Connected to database \"cards\"","timestamp":"2025-06-28 14:30:15"}
{"level":"info","message":"Launching World | Loading World Data - 14%","timestamp":"2025-06-28 14:30:15"}
{"level":"info","message":"Connected to database \"messages\"","timestamp":"2025-06-28 14:30:15"}
{"level":"info","message":"Launching World | Loading World Data - 21%","timestamp":"2025-06-28 14:30:15"}
{"level":"info","message":"Connected to database \"combats\"","timestamp":"2025-06-28 14:30:15"}
{"level":"info","message":"Launching World | Loading World Data - 29%","timestamp":"2025-06-28 14:30:15"}
{"level":"info","message":"Connected to database \"fog\"","timestamp":"2025-06-28 14:30:15"}
{"level":"info","message":"Launching World | Loading World Data - 36%","timestamp":"2025-06-28 14:30:15"}
{"level":"info","message":"Connected to database \"folders\"","timestamp":"2025-06-28 14:30:15"}
{"level":"info","message":"Launching World | Loading World Data - 43%","timestamp":"2025-06-28 14:30:15"}
{"level":"info","message":"Connected to database \"items\"","timestamp":"2025-06-28 14:30:15"}
{"level":"info","message":"Launching World | Loading World Data - 50%","timestamp":"2025-06-28 14:30:15"}
{"level":"info","message":"Connected to database \"journal\"","timestamp":"2025-06-28 14:30:15"}
{"level":"info","message":"Launching World | Loading World Data - 57%","timestamp":"2025-06-28 14:30:15"}
{"level":"info","message":"Connected to database \"macros\"","timestamp":"2025-06-28 14:30:15"}
{"level":"info","message":"Launching World | Loading World Data - 64%","timestamp":"2025-06-28 14:30:15"}
{"level":"info","message":"Connected to database \"playlists\"","timestamp":"2025-06-28 14:30:15"}
{"level":"info","message":"Launching World | Loading World Data - 71%","timestamp":"2025-06-28 14:30:15"}
{"level":"info","message":"Connected to database \"tables\"","timestamp":"2025-06-28 14:30:15"}
{"level":"info","message":"Launching World | Loading World Data - 79%","timestamp":"2025-06-28 14:30:15"}
{"level":"info","message":"Connected to database \"scenes\"","timestamp":"2025-06-28 14:30:15"}
{"level":"info","message":"Launching World | Loading World Data - 86%","timestamp":"2025-06-28 14:30:15"}
{"level":"info","message":"Connected to database \"settings\"","timestamp":"2025-06-28 14:30:15"}
{"level":"info","message":"Launching World | Loading World Data - 93%","timestamp":"2025-06-28 14:30:15"}
{"level":"info","message":"Connected to database \"users\"","timestamp":"2025-06-28 14:30:15"}
{"level":"info","message":"Launching World | Loading World Data - 100%","timestamp":"2025-06-28 14:30:15"}
{"level":"info","message":"Launching World | Migrating World Data - 7%","timestamp":"2025-06-28 14:30:15"}
{"level":"info","message":"Launching World | Migrating World Data - 14%","timestamp":"2025-06-28 14:30:15"}
{"level":"info","message":"Launching World | Migrating World Data - 21%","timestamp":"2025-06-28 14:30:15"}
{"level":"info","message":"Launching World | Migrating World Data - 29%","timestamp":"2025-06-28 14:30:15"}
{"level":"info","message":"Launching World | Migrating World Data - 36%","timestamp":"2025-06-28 14:30:15"}
{"level":"info","message":"Launching World | Migrating World Data - 43%","timestamp":"2025-06-28 14:30:15"}
{"level":"info","message":"Launching World | Migrating World Data - 50%","timestamp":"2025-06-28 14:30:15"}
{"level":"info","message":"Launching World | Migrating World Data - 57%","timestamp":"2025-06-28 14:30:15"}
{"level":"info","message":"Launching World | Migrating World Data - 64%","timestamp":"2025-06-28 14:30:15"}
{"level":"info","message":"Launching World | Migrating World Data - 71%","timestamp":"2025-06-28 14:30:15"}
{"level":"info","message":"Launching World | Migrating World Data - 79%","timestamp":"2025-06-28 14:30:15"}
{"level":"info","message":"Launching World | Migrating World Data - 86%","timestamp":"2025-06-28 14:30:15"}
{"level":"info","message":"Launching World | Migrating World Data - 93%","timestamp":"2025-06-28 14:30:15"}
{"level":"info","message":"Launching World | Migrating World Data - 100%","timestamp":"2025-06-28 14:30:15"}
{"level":"info","message":"Launching World | Complete","timestamp":"2025-06-28 14:30:15"}
{"ip":"::1","level":"info","message":"User authentication successful for user Gamemaster","session":"7b8eef427706d4e7ca576ec4","timestamp":"2025-06-28 14:30:18"}
{"level":"info","message":"No system update for Custom System Builder is currently available.","timestamp":"2025-06-28 14:30:19"}
{"level":"info","message":"Vended World data to User [s4a1LqWdL4mt3rP7] in 831ms","timestamp":"2025-06-28 14:30:19"}
{"code":"ECOMPROMISED","level":"error","message":"Unable to update lock within the stale threshold","stack":"Error: Unable to update lock within the stale threshold\n    at D:\\Games\\Foundry_12_331\\Foundry Virtual Tabletop\\resources\\app\\node_modules\\proper-lockfile\\lib\\lockfile.js:136:25\n    at callback (D:\\Games\\Foundry_12_331\\Foundry Virtual Tabletop\\resources\\app\\node_modules\\graceful-fs\\polyfills.js:306:20)\n    at FSReqCallback.oncomplete (node:fs:200:5)","timestamp":"2025-06-28 14:30:23"}
{"level":"info","message":"Toggling game pause status to false","timestamp":"2025-06-28 14:30:24"}
{"level":"info","message":"Deleted ChatMessage with id [V8PbDHRG06o3KvL6]","timestamp":"2025-06-28 16:07:21"}
{"level":"info","message":"Created ChatMessage with id [K6gJIUE1yBqPnd0s]","timestamp":"2025-06-28 16:07:24"}
{"level":"info","message":"Deleted ChatMessage with id [K6gJIUE1yBqPnd0s]","timestamp":"2025-06-28 16:07:39"}
{"level":"info","message":"Created ChatMessage with id [fbPkFEQ76zN4ywmr]","timestamp":"2025-06-28 21:22:35"}
{"level":"info","message":"Created ChatMessage with id [uS5hvy3jQlYYUNSy]","timestamp":"2025-06-28 21:41:43"}
{"level":"info","message":"Deleted 2 ChatMessage documents with ids: [fbPkFEQ76zN4ywmr,uS5hvy3jQlYYUNSy]","timestamp":"2025-06-28 22:06:57"}
{"level":"info","message":"Created ChatMessage with id [oZu1pvgBfSOreLLO]","timestamp":"2025-06-28 22:07:36"}
{"level":"info","message":"Created ChatMessage with id [ii8K2DUPZEkG0NfT]","timestamp":"2025-06-28 22:08:24"}
{"level":"info","message":"Created ChatMessage with id [bjGO6oqlIzJ6HGxn]","timestamp":"2025-06-28 22:09:13"}
{"level":"info","message":"Created ChatMessage with id [zbeVzzaAGTbC16nw]","timestamp":"2025-06-28 22:09:36"}
{"level":"info","message":"Created ChatMessage with id [uzSxRyICD4ryrYzD]","timestamp":"2025-06-28 22:10:48"}
{"level":"info","message":"Created ChatMessage with id [E38M43qrNKvvC7WP]","timestamp":"2025-06-28 22:11:24"}
{"level":"info","message":"Created ChatMessage with id [8d82ctqk0Nrt1UGe]","timestamp":"2025-06-28 22:20:43"}
{"level":"info","message":"Created ChatMessage with id [QCUrZOxoedlGN3j2]","timestamp":"2025-06-28 22:22:54"}
{"level":"info","message":"Created ChatMessage with id [t9eUJ44UiaXRXARw]","timestamp":"2025-06-28 22:23:41"}
{"level":"info","message":"Created ChatMessage with id [7QMlq4IWpmhFUxef]","timestamp":"2025-06-28 22:23:50"}
